2025-12-25 08:48:35,778 [INFO] Activator:176 - 


2025-12-25 08:48:35,780 [INFO] Activator:177 - !SESSION log4j initialized
2025-12-25 08:48:38,886 [INFO] LogOutputStream:77 - [STDOUT_REDIRECT] 
2025-12-25 08:48:41,511 [INFO] ApplicationProperties:184 - Using Application install path: C:\ST\STM32CubeIDE_1.19.0\STM32CubeIDE\plugins\com.st.stm32cube.common.mx_6.15.0.202507011659
2025-12-25 08:48:41,531 [INFO] DbMcusXml:78 - Set database path to: C:\ST\STM32CubeIDE_1.19.0\STM32CubeIDE\plugins\com.st.stm32cube.common.mx_6.15.0.202507011659\\db\/mcu/
2025-12-25 08:48:41,531 [INFO] ApiDb:274 - Set plugin database path to: C:\ST\STM32CubeIDE_1.19.0\STM32CubeIDE\plugins\com.st.stm32cube.common.mx_6.15.0.202507011659\\db\/plugins/boardmanager/
2025-12-25 08:48:41,544 [WARN] ApiDb:259 - Overriding images path with different value:  => C:\ST\STM32CubeIDE_1.19.0\STM32CubeIDE\plugins\com.st.stm32cube.common.mx_6.15.0.202507011659\\db\/plugins/mcufinder/images/
2025-12-25 08:48:41,549 [INFO] ApiDb:250 - Set database path to: C:\Users\aditi\.stmcufinder\plugins\mcufinder//mcu/
2025-12-25 08:48:41,550 [INFO] DbMcusAds:125 - Set database path to: C:\Users\aditi\.stmcufinder\plugins\mcufinder//mcu/
2025-12-25 08:48:41,552 [INFO] CrossReferenceDbSqlite:203 - Set database path to: C:\Users\aditi\.stmcufinder\plugins\mcufinder//mcu/cs/
2025-12-25 08:48:41,663 [INFO] RulesReader:64 - Compatibility file has been processed (317 Rules)
2025-12-25 08:48:41,780 [INFO] DbMcusXml:78 - Set database path to: C:\ST\STM32CubeIDE_1.19.0\STM32CubeIDE\plugins\com.st.stm32cube.common.mx_6.15.0.202507011659\\db\/mcu/
2025-12-25 08:48:41,780 [INFO] ApiDb:274 - Set plugin database path to: C:\ST\STM32CubeIDE_1.19.0\STM32CubeIDE\plugins\com.st.stm32cube.common.mx_6.15.0.202507011659\\db\/plugins/boardmanager/
2025-12-25 08:48:41,780 [INFO] ApiDb:261 - Set plugin images path to: C:\ST\STM32CubeIDE_1.19.0\STM32CubeIDE\plugins\com.st.stm32cube.common.mx_6.15.0.202507011659\\db\/plugins/mcufinder/images/
2025-12-25 08:48:41,781 [WARN] DbFile:41 - Overriding database path with different value: C:\Users\aditi\.stmcufinder\plugins\mcufinder/ => C:\Users\aditi\.stmcufinder\plugins\mcufinder
2025-12-25 08:48:41,781 [INFO] ApiDb:250 - Set database path to: C:\Users\aditi\.stmcufinder\plugins\mcufinder//mcu/
2025-12-25 08:48:41,781 [WARN] DbFile:41 - Overriding database path with different value: C:\Users\aditi\.stmcufinder\plugins\mcufinder/ => C:\Users\aditi\.stmcufinder\plugins\mcufinder
2025-12-25 08:48:41,781 [INFO] DbMcusAds:125 - Set database path to: C:\Users\aditi\.stmcufinder\plugins\mcufinder//mcu/
2025-12-25 08:48:41,781 [WARN] DbFile:41 - Overriding database path with different value: C:\Users\aditi\.stmcufinder\plugins\mcufinder/ => C:\Users\aditi\.stmcufinder\plugins\mcufinder
2025-12-25 08:48:41,781 [WARN] DbFile:41 - Overriding database path with different value: C:\Users\aditi\.stmcufinder\plugins\mcufinder/ => C:\Users\aditi\.stmcufinder\plugins\mcufinder
2025-12-25 08:48:41,781 [INFO] CrossReferenceDbSqlite:203 - Set database path to: C:\Users\aditi\.stmcufinder\plugins\mcufinder//mcu/cs/
2025-12-25 08:48:41,868 [INFO] MainPanel:274 - HeapMemory: 268435456
2025-12-25 08:48:41,994 [INFO] DbMcusXml:78 - Set database path to: C:\ST\STM32CubeIDE_1.19.0\STM32CubeIDE\plugins\com.st.stm32cube.common.mx_6.15.0.202507011659\\db\/mcu/
2025-12-25 08:48:41,995 [INFO] ApiDb:274 - Set plugin database path to: C:\ST\STM32CubeIDE_1.19.0\STM32CubeIDE\plugins\com.st.stm32cube.common.mx_6.15.0.202507011659\\db\/plugins/boardmanager/
2025-12-25 08:48:41,995 [INFO] ApiDb:261 - Set plugin images path to: C:\ST\STM32CubeIDE_1.19.0\STM32CubeIDE\plugins\com.st.stm32cube.common.mx_6.15.0.202507011659\\db\/plugins/mcufinder/images/
2025-12-25 08:48:41,995 [WARN] DbFile:41 - Overriding database path with different value: C:\Users\aditi\.stmcufinder\plugins\mcufinder/ => C:\Users\aditi\.stmcufinder\plugins\mcufinder
2025-12-25 08:48:41,995 [INFO] ApiDb:250 - Set database path to: C:\Users\aditi\.stmcufinder\plugins\mcufinder//mcu/
2025-12-25 08:48:41,995 [WARN] DbFile:41 - Overriding database path with different value: C:\Users\aditi\.stmcufinder\plugins\mcufinder/ => C:\Users\aditi\.stmcufinder\plugins\mcufinder
2025-12-25 08:48:41,996 [INFO] DbMcusAds:125 - Set database path to: C:\Users\aditi\.stmcufinder\plugins\mcufinder//mcu/
2025-12-25 08:48:41,996 [WARN] DbFile:41 - Overriding database path with different value: C:\Users\aditi\.stmcufinder\plugins\mcufinder/ => C:\Users\aditi\.stmcufinder\plugins\mcufinder
2025-12-25 08:48:41,996 [WARN] DbFile:41 - Overriding database path with different value: C:\Users\aditi\.stmcufinder\plugins\mcufinder/ => C:\Users\aditi\.stmcufinder\plugins\mcufinder
2025-12-25 08:48:41,996 [INFO] CrossReferenceDbSqlite:203 - Set database path to: C:\Users\aditi\.stmcufinder\plugins\mcufinder//mcu/cs/
2025-12-25 08:48:42,030 [INFO] ApplicationProperties:184 - Using Application install path: C:\ST\STM32CubeIDE_1.19.0\STM32CubeIDE\plugins\com.st.stm32cube.common.mx_6.15.0.202507011659
2025-12-25 08:48:42,032 [INFO] PluginManage:196 - Search for loadable plugins [exclusion list=, ]
2025-12-25 08:48:42,033 [INFO] PluginManage:310 - Check plugin analytics
2025-12-25 08:48:42,330 [INFO] AnalyticsPlugin:253 - Accepted Software Licenses: 
2025-12-25 08:48:42,330 [INFO] AnalyticsPlugin:255 - Accepted CMSIS Pack Licenses: 
2025-12-25 08:48:42,331 [INFO] AnalyticsPlugin:257 - Accepted Firmware Licenses: FW.F4.1.28.0
2025-12-25 08:48:42,337 [INFO] PluginManage:359 - Loaded plugin analytics (category:tool,tabindex:-1)
2025-12-25 08:48:42,337 [INFO] PluginManage:310 - Check plugin cadmodel
2025-12-25 08:48:42,342 [INFO] CADModel:105 - Init CAD model plugin
2025-12-25 08:48:42,343 [INFO] PluginManage:359 - Loaded plugin cadmodel (category:power,tabindex:5)
2025-12-25 08:48:42,343 [INFO] PluginManage:310 - Check plugin clock
2025-12-25 08:48:42,353 [INFO] PluginManage:359 - Loaded plugin clock (category:base,tabindex:2)
2025-12-25 08:48:42,353 [INFO] PluginManage:310 - Check plugin ddr
2025-12-25 08:48:42,356 [INFO] PluginManage:359 - Loaded plugin ddr (category:tool,tabindex:6)
2025-12-25 08:48:42,357 [INFO] PluginManage:310 - Check plugin filemanager
2025-12-25 08:48:42,515 [INFO] PluginManage:359 - Loaded plugin filemanager (category:base,tabindex:10)
2025-12-25 08:48:42,515 [INFO] PluginManage:310 - Check plugin ipmanager
2025-12-25 08:48:42,526 [INFO] PluginManage:359 - Loaded plugin ipmanager (category:base,tabindex:5)
2025-12-25 08:48:42,526 [INFO] PluginManage:310 - Check plugin lpbam
2025-12-25 08:48:42,534 [INFO] PluginManage:359 - Loaded plugin lpbam (category:base,tabindex:0)
2025-12-25 08:48:42,535 [INFO] PluginManage:310 - Check plugin memorymap
2025-12-25 08:48:42,552 [INFO] PluginManage:359 - Loaded plugin memorymap (category:base,tabindex:4)
2025-12-25 08:48:42,552 [INFO] PluginManage:310 - Check plugin pinoutandconfiguration
2025-12-25 08:48:42,563 [INFO] PluginManage:359 - Loaded plugin pinoutandconfiguration (category:base,tabindex:1)
2025-12-25 08:48:42,563 [INFO] PluginManage:310 - Check plugin pinoutconfig
2025-12-25 08:48:42,673 [WARN] SupportedApi:132 - Cannot load RTOS API schema: s4s-elt-must-match.1: The content of 'definitions' must match (annotation?, (simpleType | complexType)?, (unique | key | keyref)*)). A problem was found starting at: attribute.
2025-12-25 08:48:42,816 [INFO] PluginManage:359 - Loaded plugin pinoutconfig (category:base,tabindex:0)
2025-12-25 08:48:42,816 [INFO] PluginManage:310 - Check plugin power
2025-12-25 08:48:42,825 [INFO] PluginManage:359 - Loaded plugin power (category:power,tabindex:4)
2025-12-25 08:48:42,825 [INFO] PluginManage:310 - Check plugin projectmanager
2025-12-25 08:48:42,851 [INFO] PluginManage:359 - Loaded plugin projectmanager (category:projectmanager,tabindex:4)
2025-12-25 08:48:42,851 [INFO] PluginManage:310 - Check plugin rif
2025-12-25 08:48:42,866 [INFO] PluginManage:359 - Loaded plugin rif (category:base,tabindex:3)
2025-12-25 08:48:42,867 [INFO] PluginManage:310 - Check plugin thirdparty
2025-12-25 08:48:43,056 [INFO] PluginManage:359 - Loaded plugin thirdparty (category:base,tabindex:-1)
2025-12-25 08:48:43,057 [INFO] PluginManage:310 - Check plugin tools
2025-12-25 08:48:43,056 [WARN] IntegrityCheckThread:84 - waiting for thirdparty lock release [integrity check]
2025-12-25 08:48:43,057 [INFO] IntegrityCheckThread:86 - entering critical section [integrity check]
2025-12-25 08:48:43,058 [INFO] ThirdPartyUpdaterWithRetryManager:70 - Updater plugin not ready yet. [1/15]
2025-12-25 08:48:43,060 [INFO] PluginManage:359 - Loaded plugin tools (category:base,tabindex:7)
2025-12-25 08:48:43,060 [INFO] PluginManage:310 - Check plugin tutovideos
2025-12-25 08:48:43,244 [INFO] PluginManage:359 - Loaded plugin tutovideos (category:base,tabindex:-1)
2025-12-25 08:48:43,244 [INFO] PluginManage:310 - Check plugin updater
2025-12-25 08:48:43,263 [INFO] PluginManage:359 - Loaded plugin updater (category:base,tabindex:12)
2025-12-25 08:48:43,263 [INFO] PluginManage:310 - Check plugin userauth
2025-12-25 08:48:43,267 [INFO] UserAuth:118 - Init User Auth plugin
2025-12-25 08:48:43,267 [INFO] PluginManage:359 - Loaded plugin userauth (category:base,tabindex:14)
2025-12-25 08:48:43,268 [INFO] PluginManage:283 - PluginManage : Loaded plugins [18]
2025-12-25 08:48:43,479 [INFO] PinOutPanel:1589 - setPackage(No Configuration,No Configuration)
2025-12-25 08:48:43,594 [INFO] CADModel:165 - CPN selected for project level
2025-12-25 08:48:43,595 [INFO] CADModel:114 - Register for checkConnection events
2025-12-25 08:48:43,619 [INFO] IPUIPlugin:80 - create IPUIPlugin
2025-12-25 08:48:43,620 [INFO] PluginManager:220 - loadIPPluginJar : add adc
2025-12-25 08:48:43,626 [INFO] IPUIPlugin:80 - create IPUIPlugin
2025-12-25 08:48:43,626 [INFO] PluginManager:220 - loadIPPluginJar : add aes
2025-12-25 08:48:43,629 [INFO] IPUIPlugin:80 - create IPUIPlugin
2025-12-25 08:48:43,630 [INFO] PluginManager:220 - loadIPPluginJar : add can
2025-12-25 08:48:43,633 [INFO] IPUIPlugin:80 - create IPUIPlugin
2025-12-25 08:48:43,633 [INFO] PluginManager:220 - loadIPPluginJar : add comp
2025-12-25 08:48:43,636 [INFO] IPUIPlugin:80 - create IPUIPlugin
2025-12-25 08:48:43,637 [INFO] PluginManager:220 - loadIPPluginJar : add cryp
2025-12-25 08:48:43,642 [INFO] IPUIPlugin:80 - create IPUIPlugin
2025-12-25 08:48:43,642 [INFO] PluginManager:220 - loadIPPluginJar : add ddr_ctrl_phy
2025-12-25 08:48:43,645 [INFO] IPUIPlugin:80 - create IPUIPlugin
2025-12-25 08:48:43,646 [INFO] PluginManager:220 - loadIPPluginJar : add dfsdm
2025-12-25 08:48:43,651 [INFO] IPUIPlugin:80 - create IPUIPlugin
2025-12-25 08:48:43,651 [INFO] PluginManager:220 - loadIPPluginJar : add dma
2025-12-25 08:48:43,657 [INFO] IPUIPlugin:80 - create IPUIPlugin
2025-12-25 08:48:43,657 [INFO] PluginManager:220 - loadIPPluginJar : add dma3
2025-12-25 08:48:43,660 [INFO] IPUIPlugin:80 - create IPUIPlugin
2025-12-25 08:48:43,660 [INFO] PluginManager:220 - loadIPPluginJar : add extmemmanager
2025-12-25 08:48:43,664 [INFO] IPUIPlugin:80 - create IPUIPlugin
2025-12-25 08:48:43,665 [INFO] PluginManager:220 - loadIPPluginJar : add fatfs
2025-12-25 08:48:43,677 [INFO] IPUIPlugin:80 - create IPUIPlugin
2025-12-25 08:48:43,677 [INFO] PluginManager:220 - loadIPPluginJar : add fmc
2025-12-25 08:48:43,687 [INFO] IPUIPlugin:80 - create IPUIPlugin
2025-12-25 08:48:43,688 [INFO] PluginManager:220 - loadIPPluginJar : add freertos
2025-12-25 08:48:43,692 [INFO] IPUIPlugin:80 - create IPUIPlugin
2025-12-25 08:48:43,692 [INFO] PluginManager:220 - loadIPPluginJar : add genericplugin
2025-12-25 08:48:43,695 [INFO] IPUIPlugin:80 - create IPUIPlugin
2025-12-25 08:48:43,695 [INFO] PluginManager:220 - loadIPPluginJar : add gfxmmu
2025-12-25 08:48:43,700 [INFO] IPUIPlugin:80 - create IPUIPlugin
2025-12-25 08:48:43,700 [INFO] PluginManager:220 - loadIPPluginJar : add gic
2025-12-25 08:48:43,710 [INFO] IPUIPlugin:80 - create IPUIPlugin
2025-12-25 08:48:43,710 [INFO] PluginManager:220 - loadIPPluginJar : add gpio
2025-12-25 08:48:43,713 [INFO] IPUIPlugin:80 - create IPUIPlugin
2025-12-25 08:48:43,713 [INFO] PluginManager:220 - loadIPPluginJar : add gtzc
2025-12-25 08:48:43,716 [INFO] IPUIPlugin:80 - create IPUIPlugin
2025-12-25 08:48:43,716 [INFO] PluginManager:220 - loadIPPluginJar : add hash
2025-12-25 08:48:43,719 [INFO] IPUIPlugin:80 - create IPUIPlugin
2025-12-25 08:48:43,719 [INFO] PluginManager:220 - loadIPPluginJar : add i2c
2025-12-25 08:48:43,725 [INFO] IPUIPlugin:80 - create IPUIPlugin
2025-12-25 08:48:43,725 [INFO] PluginManager:220 - loadIPPluginJar : add i2s
2025-12-25 08:48:43,728 [INFO] IPUIPlugin:80 - create IPUIPlugin
2025-12-25 08:48:43,728 [INFO] PluginManager:220 - loadIPPluginJar : add i3c
2025-12-25 08:48:43,730 [INFO] IPUIPlugin:80 - create IPUIPlugin
2025-12-25 08:48:43,731 [INFO] PluginManager:220 - loadIPPluginJar : add ipddr
2025-12-25 08:48:43,740 [INFO] IPUIPlugin:80 - create IPUIPlugin
2025-12-25 08:48:43,741 [INFO] PluginManager:220 - loadIPPluginJar : add linkedlist
2025-12-25 08:48:43,744 [INFO] IPUIPlugin:80 - create IPUIPlugin
2025-12-25 08:48:43,744 [INFO] PluginManager:220 - loadIPPluginJar : add lorawan
2025-12-25 08:48:43,745 [INFO] IPUIPlugin:80 - create IPUIPlugin
2025-12-25 08:48:43,745 [INFO] PluginManager:220 - loadIPPluginJar : add ltdc
2025-12-25 08:48:43,750 [INFO] IPUIPlugin:80 - create IPUIPlugin
2025-12-25 08:48:43,750 [INFO] PluginManager:220 - loadIPPluginJar : add mdma
2025-12-25 08:48:43,758 [INFO] IPUIPlugin:80 - create IPUIPlugin
2025-12-25 08:48:43,758 [INFO] PluginManager:220 - loadIPPluginJar : add nvic
2025-12-25 08:48:43,762 [INFO] IPUIPlugin:80 - create IPUIPlugin
2025-12-25 08:48:43,762 [INFO] PluginManager:220 - loadIPPluginJar : add opamp
2025-12-25 08:48:43,766 [INFO] IPUIPlugin:80 - create IPUIPlugin
2025-12-25 08:48:43,767 [INFO] PluginManager:220 - loadIPPluginJar : add openamp
2025-12-25 08:48:43,774 [INFO] IPUIPlugin:80 - create IPUIPlugin
2025-12-25 08:48:43,774 [INFO] PluginManager:220 - loadIPPluginJar : add pdm2pcm
2025-12-25 08:48:43,782 [INFO] IPUIPlugin:80 - create IPUIPlugin
2025-12-25 08:48:43,786 [INFO] PluginManager:220 - loadIPPluginJar : add plateformsettings
2025-12-25 08:48:43,790 [INFO] IPUIPlugin:80 - create IPUIPlugin
2025-12-25 08:48:43,790 [INFO] PluginManager:220 - loadIPPluginJar : add quadspi
2025-12-25 08:48:43,793 [INFO] IPUIPlugin:80 - create IPUIPlugin
2025-12-25 08:48:43,795 [INFO] PluginManager:220 - loadIPPluginJar : add radio
2025-12-25 08:48:43,797 [INFO] IPUIPlugin:80 - create IPUIPlugin
2025-12-25 08:48:43,798 [INFO] PluginManager:220 - loadIPPluginJar : add resmgrutility
2025-12-25 08:48:43,800 [INFO] IPUIPlugin:80 - create IPUIPlugin
2025-12-25 08:48:43,800 [INFO] PluginManager:220 - loadIPPluginJar : add sai
2025-12-25 08:48:43,805 [INFO] IPUIPlugin:80 - create IPUIPlugin
2025-12-25 08:48:43,805 [INFO] PluginManager:220 - loadIPPluginJar : add spi
2025-12-25 08:48:43,811 [INFO] IPUIPlugin:80 - create IPUIPlugin
2025-12-25 08:48:43,812 [INFO] PluginManager:220 - loadIPPluginJar : add stm32_wpan
2025-12-25 08:48:43,813 [INFO] IPUIPlugin:80 - create IPUIPlugin
2025-12-25 08:48:43,813 [INFO] PluginManager:220 - loadIPPluginJar : add tim
2025-12-25 08:48:43,816 [INFO] IPUIPlugin:80 - create IPUIPlugin
2025-12-25 08:48:43,817 [INFO] PluginManager:220 - loadIPPluginJar : add touchsensing
2025-12-25 08:48:43,818 [INFO] IPUIPlugin:80 - create IPUIPlugin
2025-12-25 08:48:43,819 [INFO] PluginManager:220 - loadIPPluginJar : add tracer_emb
2025-12-25 08:48:43,822 [INFO] IPUIPlugin:80 - create IPUIPlugin
2025-12-25 08:48:43,822 [INFO] PluginManager:220 - loadIPPluginJar : add ts
2025-12-25 08:48:43,824 [INFO] IPUIPlugin:80 - create IPUIPlugin
2025-12-25 08:48:43,824 [INFO] PluginManager:220 - loadIPPluginJar : add tsc
2025-12-25 08:48:43,825 [INFO] IPUIPlugin:80 - create IPUIPlugin
2025-12-25 08:48:43,825 [INFO] PluginManager:220 - loadIPPluginJar : add ucpd
2025-12-25 08:48:43,827 [INFO] IPUIPlugin:80 - create IPUIPlugin
2025-12-25 08:48:43,827 [INFO] PluginManager:220 - loadIPPluginJar : add usart
2025-12-25 08:48:43,830 [INFO] IPUIPlugin:80 - create IPUIPlugin
2025-12-25 08:48:43,830 [INFO] PluginManager:220 - loadIPPluginJar : add usbx
2025-12-25 08:48:43,972 [FATAL] Updater:351 - Updater called before beeing initialized
2025-12-25 08:48:44,032 [INFO] RulesReader:64 - Compatibility file has been processed (317 Rules)
2025-12-25 08:48:44,090 [INFO] RulesReader:64 - Compatibility file has been processed (317 Rules)
2025-12-25 08:48:44,110 [INFO] CADModel:165 - CPN selected for project level
2025-12-25 08:48:44,110 [INFO] CADModel:114 - Register for checkConnection events
2025-12-25 08:48:44,110 [FATAL] Updater:351 - Updater called before beeing initialized
2025-12-25 08:48:44,110 [ERROR] CADModel:125 - Updater not yet initialized, retry later 
2025-12-25 08:48:44,294 [FATAL] Updater:351 - Updater called before beeing initialized
2025-12-25 08:48:44,295 [INFO] CADModel:165 - CPN selected for project level
2025-12-25 08:48:44,295 [INFO] CADModel:114 - Register for checkConnection events
2025-12-25 08:48:44,296 [FATAL] Updater:351 - Updater called before beeing initialized
2025-12-25 08:48:44,296 [ERROR] CADModel:125 - Updater not yet initialized, retry later 
2025-12-25 08:48:44,299 [FATAL] Updater:351 - Updater called before beeing initialized
2025-12-25 08:48:44,470 [FATAL] Updater:351 - Updater called before beeing initialized
2025-12-25 08:48:44,477 [INFO] DbMcusAds:53 - JSON generation date=Tue Dec 16 04:41:46 IST 2025 (1765840306612)
2025-12-25 08:48:44,477 [FATAL] Updater:351 - Updater called before beeing initialized
2025-12-25 08:48:44,515 [WARN] DetailPanel:346 - Failed to get advertising image, set to default
2025-12-25 08:48:44,600 [FATAL] Updater:351 - Updater called before beeing initialized
2025-12-25 08:48:44,603 [FATAL] Updater:351 - Updater called before beeing initialized
2025-12-25 08:48:44,603 [FATAL] Updater:351 - Updater called before beeing initialized
2025-12-25 08:48:44,603 [WARN] DetailPanel:346 - Failed to get advertising image, set to default
2025-12-25 08:48:44,605 [FATAL] Updater:351 - Updater called before beeing initialized
2025-12-25 08:48:44,660 [ERROR] Updater:1198 - MainUpdater not yet initialized. External WinMGr cannot be set.
2025-12-25 08:48:44,662 [INFO] Updater:1134 - Updater Version found : 6.15.0
2025-12-25 08:48:44,681 [INFO] ApplicationProperties:184 - Using Application install path: C:\ST\STM32CubeIDE_1.19.0\STM32CubeIDE\plugins\com.st.stm32cube.common.mx_6.15.0.202507011659
2025-12-25 08:48:46,060 [INFO] ThirdPartyUpdaterWithRetryManager:70 - Updater plugin not ready yet. [2/15]
2025-12-25 08:48:46,257 [ERROR] LogOutputStream:75 - [STDERR_REDIRECT] Dec 25, 2025 8:48:46 AM java.util.prefs.WindowsPreferences <init>
2025-12-25 08:48:46,259 [ERROR] LogOutputStream:75 - [STDERR_REDIRECT] WARNING: Could not open/create prefs root node Software\JavaSoft\Prefs at root 0xffffffff80000002. Windows RegCreateKeyEx(...) returned error code 5.
2025-12-25 08:48:46,260 [ERROR] LogOutputStream:75 - [STDERR_REDIRECT] 
2025-12-25 08:48:46,945 [INFO] MainUpdater:2872 - connection check result : 10
2025-12-25 08:48:46,947 [INFO] MainUpdater:289 - Updater Check For Update Now.
2025-12-25 08:48:46,947 [INFO] MicroXplorer:498 - Change Database Version : DB.6.0.150
2025-12-25 08:48:46,964 [INFO] McuFinderGlobals:63 - Set McuFinder mode to 2 (CubeIDE integrated)
2025-12-25 08:48:46,965 [INFO] UserAuth:487 - Internet connection configuration mode: 1
2025-12-25 08:48:47,050 [INFO] JxBrowserEngine:152 - Initiate JxBrowser Engine with user profile folder
2025-12-25 08:48:47,208 [INFO] CheckServerUpdateThread:120 - End of CheckServer Thread
2025-12-25 08:48:48,104 [INFO] WebApp:169 - Instantiating new browser for Auth
2025-12-25 08:48:48,977 [INFO] WebApp:463 - Apply proxy settings
2025-12-25 08:48:48,978 [INFO] WebApp:548 - Chromium requires no authentication
2025-12-25 08:48:48,989 [INFO] WebApp:491 - Direct internet connection detected
2025-12-25 08:48:49,012 [INFO] WebApp:900 - Register for checkConnection events
2025-12-25 08:48:49,012 [INFO] WebApp:463 - Apply proxy settings
2025-12-25 08:48:49,012 [INFO] WebApp:548 - Chromium requires no authentication
2025-12-25 08:48:49,013 [INFO] WebApp:491 - Direct internet connection detected
2025-12-25 08:48:49,255 [INFO] WebApp:225 - Starting web application
2025-12-25 08:48:49,256 [INFO] WebApp:593 - Web application path used C:\ST\STM32CubeIDE_1.19.0\STM32CubeIDE\plugins\com.st.stm32cube.common.mx_6.15.0.202507011659\db\plugins\mcufinder\reactClient1\index.html
2025-12-25 08:48:49,314 [WARN] PackLoader:240 - Cannot read IP mode file for STMicroelectronics.FP-SNS-MOTENVWB1.1.4.0
2025-12-25 08:48:49,325 [WARN] PackLoader:240 - Cannot read IP mode file for STMicroelectronics.FP-ATR-ASTRA1.2.0.2
2025-12-25 08:48:49,341 [WARN] PackLoader:240 - Cannot read IP mode file for STMicroelectronics.X-CUBE-SMBUS.2.1.0
2025-12-25 08:48:49,395 [WARN] PackLoader:240 - Cannot read IP mode file for STMicroelectronics.X-CUBE-AZRTOS-F7.1.1.0
2025-12-25 08:48:49,419 [WARN] PackLoader:240 - Cannot read IP mode file for STMicroelectronics.X-CUBE-DISPLAY.3.0.0
2025-12-25 08:48:49,430 [INFO] UserAuth:487 - Internet connection configuration mode: 1
2025-12-25 08:48:49,457 [WARN] PackLoader:240 - Cannot read IP mode file for STMicroelectronics.X-CUBE-NFC10.1.0.0
2025-12-25 08:48:49,469 [WARN] PackLoader:240 - Cannot read IP mode file for STMicroelectronics.FP-SNS-SMARTAG2.1.2.0
2025-12-25 08:48:49,477 [WARN] PackLoader:240 - Cannot read IP mode file for STMicroelectronics.FP-SNS-FLIGHT1.5.1.0
2025-12-25 08:48:49,494 [INFO] LogOutputStream:77 - [STDOUT_REDIRECT] 1 : Invalid condition id : UX_CORESTACK_Condition cause : null
2025-12-25 08:48:49,498 [INFO] LogOutputStream:77 - [STDOUT_REDIRECT] 1 : Invalid condition id : UX_CORESTACK_Condition cause : null
2025-12-25 08:48:49,501 [INFO] LogOutputStream:77 - [STDOUT_REDIRECT] 1 : Invalid condition id : UX_CORESTACK_Condition cause : null
2025-12-25 08:48:49,505 [INFO] LogOutputStream:77 - [STDOUT_REDIRECT] 1 : Invalid condition id : UX_CORESTACK_Condition cause : null
2025-12-25 08:48:49,508 [INFO] LogOutputStream:77 - [STDOUT_REDIRECT] 1 : Invalid condition id : UX_CORESTACK_Condition cause : null
2025-12-25 08:48:49,514 [WARN] PackLoader:240 - Cannot read IP mode file for STMicroelectronics.X-CUBE-AZRTOS-WL.2.0.0
2025-12-25 08:48:49,527 [WARN] PackLoader:240 - Cannot read IP mode file for STMicroelectronics.X-CUBE-BLE2.3.3.0
2025-12-25 08:48:49,540 [WARN] PackLoader:240 - Cannot read IP mode file for STMicroelectronics.X-CUBE-NFC9.1.0.0
2025-12-25 08:48:49,548 [WARN] PackLoader:240 - Cannot read IP mode file for STMicroelectronics.X-CUBE-BLE1.7.1.0
2025-12-25 08:48:49,574 [WARN] PackLoader:240 - Cannot read IP mode file for STMicroelectronics.X-CUBE-AZRTOS-G0.1.1.0
2025-12-25 08:48:49,587 [WARN] PackLoader:240 - Cannot read IP mode file for STMicroelectronics.X-CUBE-NFC4.3.0.0
2025-12-25 08:48:49,598 [WARN] PackLoader:240 - Cannot read IP mode file for STMicroelectronics.X-CUBE-WB05N.2.0.0
2025-12-25 08:48:49,608 [WARN] PackLoader:240 - Cannot read IP mode file for STMicroelectronics.X-CUBE-TCPP.4.2.0
2025-12-25 08:48:49,616 [WARN] PackLoader:240 - Cannot read IP mode file for STMicroelectronics.FP-ATR-SIGFOX1.3.2.0
2025-12-25 08:48:49,628 [WARN] PackLoader:240 - Cannot read IP mode file for STMicroelectronics.X-CUBE-ALGOBUILD.1.4.0
2025-12-25 08:48:49,638 [WARN] PackLoader:240 - Cannot read IP mode file for STMicroelectronics.X-CUBE-PM33A1.1.0.0
2025-12-25 08:48:49,664 [WARN] PackLoader:240 - Cannot read IP mode file for STMicroelectronics.X-CUBE-AZRTOS-F4.1.1.0
2025-12-25 08:48:49,676 [WARN] PackLoader:240 - Cannot read IP mode file for STMicroelectronics.X-CUBE-ISPU.2.1.0
2025-12-25 08:48:49,708 [WARN] PackLoader:240 - Cannot read IP mode file for STMicroelectronics.X-CUBE-AZRTOS-L5.2.0.0
2025-12-25 08:48:49,738 [WARN] PackLoader:240 - Cannot read IP mode file for STMicroelectronics.X-CUBE-NFC6.3.1.0
2025-12-25 08:48:49,755 [WARN] PackLoader:240 - Cannot read IP mode file for STMicroelectronics.X-CUBE-DPower.1.3.0
2025-12-25 08:48:49,777 [WARN] ConditionMgr:438 - getConditionDescription Invalid condition id : LAN8742 Phy interface Condition cause : null
2025-12-25 08:48:49,778 [WARN] PackLoader:240 - Cannot read IP mode file for STMicroelectronics.X-CUBE-AZRTOS-L4.2.0.0
2025-12-25 08:48:49,779 [WARN] ConditionMgr:1044 - genDependencies : Invalid condition id : LAN8742 Phy interface Condition cause : null
2025-12-25 08:48:49,780 [WARN] ConditionMgr:1044 - genDependencies : Invalid condition id : LAN8742 Phy interface Condition cause : null
2025-12-25 08:48:49,780 [WARN] ConditionMgr:1044 - genDependencies : Invalid condition id : LAN8742 Phy interface Condition cause : null
2025-12-25 08:48:49,793 [WARN] PackLoader:240 - Cannot read IP mode file for STMicroelectronics.X-CUBE-SFXS2LP1.4.0.0
2025-12-25 08:48:49,815 [WARN] ConditionMgr:438 - getConditionDescription Invalid condition id : UX DEVICE CLASS RTOS Condition cause : null
2025-12-25 08:48:49,819 [WARN] ConditionMgr:438 - getConditionDescription Invalid condition id : UX DEVICE CLASS RTOS Condition cause : null
2025-12-25 08:48:49,822 [WARN] PackLoader:240 - Cannot read IP mode file for STMicroelectronics.X-CUBE-AZRTOS-WB.2.0.0
2025-12-25 08:48:49,823 [WARN] ConditionMgr:1044 - genDependencies : Invalid condition id : UX DEVICE CLASS RTOS Condition cause : null
2025-12-25 08:48:49,823 [WARN] ConditionMgr:1044 - genDependencies : Invalid condition id : UX DEVICE CLASS RTOS Condition cause : null
2025-12-25 08:48:49,824 [WARN] ConditionMgr:1044 - genDependencies : Invalid condition id : UX DEVICE CLASS RTOS Condition cause : null
2025-12-25 08:48:49,824 [WARN] ConditionMgr:1044 - genDependencies : Invalid condition id : UX DEVICE CLASS RTOS Condition cause : null
2025-12-25 08:48:49,825 [WARN] ConditionMgr:1044 - genDependencies : Invalid condition id : UX DEVICE CLASS RTOS Condition cause : null
2025-12-25 08:48:49,841 [WARN] PackLoader:240 - Cannot read IP mode file for STMicroelectronics.X-CUBE-SUBG2.5.0.0
2025-12-25 08:48:49,869 [WARN] PackLoader:240 - Cannot read IP mode file for STMicroelectronics.X-CUBE-AZRTOS-G4.2.0.0
2025-12-25 08:48:49,878 [WARN] PackLoader:240 - Cannot read IP mode file for STMicroelectronics.X-CUBE-NFC7.2.0.0
2025-12-25 08:48:49,888 [WARN] PackLoader:240 - Cannot read IP mode file for STMicroelectronics.X-CUBE-ALS.1.0.2
2025-12-25 08:48:49,903 [WARN] PackLoader:240 - Cannot read IP mode file for STMicroelectronics.X-CUBE-TOF1.3.4.3
2025-12-25 08:48:49,919 [INFO] ThirdParty:978 - Integrity check success = true
2025-12-25 08:48:49,919 [INFO] IntegrityCheckThread:100 - exiting critical section [integrity check]
2025-12-25 08:48:49,919 [INFO] IntegrityCheckThread:103 - End integrity checks thread
2025-12-25 08:48:50,121 [INFO] WebApp:191 - Connection restablished
2025-12-25 08:54:29,997 [ERROR] LogOutputStream:75 - [STDERR_REDIRECT] 
2025-12-25 08:54:29,999 [ERROR] LogOutputStream:75 - [STDERR_REDIRECT] 
2025-12-25 12:09:00,743 [INFO] Activator:176 - 


2025-12-25 12:09:00,745 [INFO] Activator:177 - !SESSION log4j initialized
2025-12-25 12:09:04,860 [INFO] LogOutputStream:77 - [STDOUT_REDIRECT] 
