2025-12-23 08:50:17,180 [INFO] Activator:176 - 


2025-12-23 08:50:17,196 [INFO] Activator:177 - !SESSION log4j initialized
2025-12-23 08:50:24,955 [INFO] LogOutputStream:77 - [STDOUT_REDIRECT] 
2025-12-23 08:50:30,998 [INFO] ApplicationProperties:184 - Using Application install path: C:\ST\STM32CubeIDE_1.19.0\STM32CubeIDE\plugins\com.st.stm32cube.common.mx_6.15.0.202507011659
2025-12-23 08:50:31,095 [INFO] DbMcusXml:78 - Set database path to: C:\ST\STM32CubeIDE_1.19.0\STM32CubeIDE\plugins\com.st.stm32cube.common.mx_6.15.0.202507011659\\db\/mcu/
2025-12-23 08:50:31,096 [INFO] ApiDb:274 - Set plugin database path to: C:\ST\STM32CubeIDE_1.19.0\STM32CubeIDE\plugins\com.st.stm32cube.common.mx_6.15.0.202507011659\\db\/plugins/boardmanager/
2025-12-23 08:50:31,098 [WARN] ApiDb:259 - Overriding images path with different value:  => C:\ST\STM32CubeIDE_1.19.0\STM32CubeIDE\plugins\com.st.stm32cube.common.mx_6.15.0.202507011659\\db\/plugins/mcufinder/images/
2025-12-23 08:50:31,136 [INFO] ApiDb:250 - Set database path to: C:\Users\aditi\.stmcufinder\plugins\mcufinder//mcu/
2025-12-23 08:50:31,144 [INFO] DbMcusAds:125 - Set database path to: C:\Users\aditi\.stmcufinder\plugins\mcufinder//mcu/
2025-12-23 08:50:31,162 [INFO] CrossReferenceDbSqlite:203 - Set database path to: C:\Users\aditi\.stmcufinder\plugins\mcufinder//mcu/cs/
2025-12-23 08:50:31,805 [INFO] RulesReader:64 - Compatibility file has been processed (317 Rules)
2025-12-23 08:50:32,336 [INFO] DbMcusXml:78 - Set database path to: C:\ST\STM32CubeIDE_1.19.0\STM32CubeIDE\plugins\com.st.stm32cube.common.mx_6.15.0.202507011659\\db\/mcu/
2025-12-23 08:50:32,336 [INFO] ApiDb:274 - Set plugin database path to: C:\ST\STM32CubeIDE_1.19.0\STM32CubeIDE\plugins\com.st.stm32cube.common.mx_6.15.0.202507011659\\db\/plugins/boardmanager/
2025-12-23 08:50:32,337 [INFO] ApiDb:261 - Set plugin images path to: C:\ST\STM32CubeIDE_1.19.0\STM32CubeIDE\plugins\com.st.stm32cube.common.mx_6.15.0.202507011659\\db\/plugins/mcufinder/images/
2025-12-23 08:50:32,337 [WARN] DbFile:41 - Overriding database path with different value: C:\Users\aditi\.stmcufinder\plugins\mcufinder/ => C:\Users\aditi\.stmcufinder\plugins\mcufinder
2025-12-23 08:50:32,338 [INFO] ApiDb:250 - Set database path to: C:\Users\aditi\.stmcufinder\plugins\mcufinder//mcu/
2025-12-23 08:50:32,338 [WARN] DbFile:41 - Overriding database path with different value: C:\Users\aditi\.stmcufinder\plugins\mcufinder/ => C:\Users\aditi\.stmcufinder\plugins\mcufinder
2025-12-23 08:50:32,338 [INFO] DbMcusAds:125 - Set database path to: C:\Users\aditi\.stmcufinder\plugins\mcufinder//mcu/
2025-12-23 08:50:32,338 [WARN] DbFile:41 - Overriding database path with different value: C:\Users\aditi\.stmcufinder\plugins\mcufinder/ => C:\Users\aditi\.stmcufinder\plugins\mcufinder
2025-12-23 08:50:32,338 [WARN] DbFile:41 - Overriding database path with different value: C:\Users\aditi\.stmcufinder\plugins\mcufinder/ => C:\Users\aditi\.stmcufinder\plugins\mcufinder
2025-12-23 08:50:32,339 [INFO] CrossReferenceDbSqlite:203 - Set database path to: C:\Users\aditi\.stmcufinder\plugins\mcufinder//mcu/cs/
2025-12-23 08:50:32,649 [INFO] MainPanel:274 - HeapMemory: 272629760
2025-12-23 08:50:33,205 [INFO] DbMcusXml:78 - Set database path to: C:\ST\STM32CubeIDE_1.19.0\STM32CubeIDE\plugins\com.st.stm32cube.common.mx_6.15.0.202507011659\\db\/mcu/
2025-12-23 08:50:33,207 [INFO] ApiDb:274 - Set plugin database path to: C:\ST\STM32CubeIDE_1.19.0\STM32CubeIDE\plugins\com.st.stm32cube.common.mx_6.15.0.202507011659\\db\/plugins/boardmanager/
2025-12-23 08:50:33,207 [INFO] ApiDb:261 - Set plugin images path to: C:\ST\STM32CubeIDE_1.19.0\STM32CubeIDE\plugins\com.st.stm32cube.common.mx_6.15.0.202507011659\\db\/plugins/mcufinder/images/
2025-12-23 08:50:33,210 [WARN] DbFile:41 - Overriding database path with different value: C:\Users\aditi\.stmcufinder\plugins\mcufinder/ => C:\Users\aditi\.stmcufinder\plugins\mcufinder
2025-12-23 08:50:33,210 [INFO] ApiDb:250 - Set database path to: C:\Users\aditi\.stmcufinder\plugins\mcufinder//mcu/
2025-12-23 08:50:33,210 [WARN] DbFile:41 - Overriding database path with different value: C:\Users\aditi\.stmcufinder\plugins\mcufinder/ => C:\Users\aditi\.stmcufinder\plugins\mcufinder
2025-12-23 08:50:33,211 [INFO] DbMcusAds:125 - Set database path to: C:\Users\aditi\.stmcufinder\plugins\mcufinder//mcu/
2025-12-23 08:50:33,211 [WARN] DbFile:41 - Overriding database path with different value: C:\Users\aditi\.stmcufinder\plugins\mcufinder/ => C:\Users\aditi\.stmcufinder\plugins\mcufinder
2025-12-23 08:50:33,211 [WARN] DbFile:41 - Overriding database path with different value: C:\Users\aditi\.stmcufinder\plugins\mcufinder/ => C:\Users\aditi\.stmcufinder\plugins\mcufinder
2025-12-23 08:50:33,211 [INFO] CrossReferenceDbSqlite:203 - Set database path to: C:\Users\aditi\.stmcufinder\plugins\mcufinder//mcu/cs/
2025-12-23 08:50:33,261 [INFO] ApplicationProperties:184 - Using Application install path: C:\ST\STM32CubeIDE_1.19.0\STM32CubeIDE\plugins\com.st.stm32cube.common.mx_6.15.0.202507011659
2025-12-23 08:50:33,264 [INFO] PluginManage:196 - Search for loadable plugins [exclusion list=, ]
2025-12-23 08:50:33,269 [INFO] PluginManage:310 - Check plugin analytics
2025-12-23 08:50:34,228 [INFO] AnalyticsPlugin:253 - Accepted Software Licenses: 
2025-12-23 08:50:34,229 [INFO] AnalyticsPlugin:255 - Accepted CMSIS Pack Licenses: 
2025-12-23 08:50:34,229 [INFO] AnalyticsPlugin:257 - Accepted Firmware Licenses: FW.F4.1.28.0
2025-12-23 08:50:34,235 [INFO] PluginManage:359 - Loaded plugin analytics (category:tool,tabindex:-1)
2025-12-23 08:50:34,236 [INFO] PluginManage:310 - Check plugin cadmodel
2025-12-23 08:50:34,249 [INFO] CADModel:105 - Init CAD model plugin
2025-12-23 08:50:34,250 [INFO] PluginManage:359 - Loaded plugin cadmodel (category:power,tabindex:5)
2025-12-23 08:50:34,250 [INFO] PluginManage:310 - Check plugin clock
2025-12-23 08:50:34,265 [INFO] PluginManage:359 - Loaded plugin clock (category:base,tabindex:2)
2025-12-23 08:50:34,266 [INFO] PluginManage:310 - Check plugin ddr
2025-12-23 08:50:34,270 [INFO] PluginManage:359 - Loaded plugin ddr (category:tool,tabindex:6)
2025-12-23 08:50:34,271 [INFO] PluginManage:310 - Check plugin filemanager
2025-12-23 08:50:34,475 [INFO] PluginManage:359 - Loaded plugin filemanager (category:base,tabindex:10)
2025-12-23 08:50:34,475 [INFO] PluginManage:310 - Check plugin ipmanager
2025-12-23 08:50:34,486 [INFO] PluginManage:359 - Loaded plugin ipmanager (category:base,tabindex:5)
2025-12-23 08:50:34,487 [INFO] PluginManage:310 - Check plugin lpbam
2025-12-23 08:50:34,501 [INFO] PluginManage:359 - Loaded plugin lpbam (category:base,tabindex:0)
2025-12-23 08:50:34,501 [INFO] PluginManage:310 - Check plugin memorymap
2025-12-23 08:50:34,524 [INFO] PluginManage:359 - Loaded plugin memorymap (category:base,tabindex:4)
2025-12-23 08:50:34,525 [INFO] PluginManage:310 - Check plugin pinoutandconfiguration
2025-12-23 08:50:34,537 [INFO] PluginManage:359 - Loaded plugin pinoutandconfiguration (category:base,tabindex:1)
2025-12-23 08:50:34,537 [INFO] PluginManage:310 - Check plugin pinoutconfig
2025-12-23 08:50:34,622 [WARN] SupportedApi:132 - Cannot load RTOS API schema: s4s-elt-must-match.1: The content of 'definitions' must match (annotation?, (simpleType | complexType)?, (unique | key | keyref)*)). A problem was found starting at: attribute.
2025-12-23 08:50:34,854 [INFO] PluginManage:359 - Loaded plugin pinoutconfig (category:base,tabindex:0)
2025-12-23 08:50:34,854 [INFO] PluginManage:310 - Check plugin power
2025-12-23 08:50:34,880 [INFO] PluginManage:359 - Loaded plugin power (category:power,tabindex:4)
2025-12-23 08:50:34,882 [INFO] PluginManage:310 - Check plugin projectmanager
2025-12-23 08:50:34,930 [INFO] PluginManage:359 - Loaded plugin projectmanager (category:projectmanager,tabindex:4)
2025-12-23 08:50:34,930 [INFO] PluginManage:310 - Check plugin rif
2025-12-23 08:50:34,947 [INFO] PluginManage:359 - Loaded plugin rif (category:base,tabindex:3)
2025-12-23 08:50:34,947 [INFO] PluginManage:310 - Check plugin thirdparty
2025-12-23 08:50:35,147 [INFO] PluginManage:359 - Loaded plugin thirdparty (category:base,tabindex:-1)
2025-12-23 08:50:35,147 [WARN] IntegrityCheckThread:84 - waiting for thirdparty lock release [integrity check]
2025-12-23 08:50:35,148 [INFO] PluginManage:310 - Check plugin tools
2025-12-23 08:50:35,148 [INFO] IntegrityCheckThread:86 - entering critical section [integrity check]
2025-12-23 08:50:35,148 [INFO] ThirdPartyUpdaterWithRetryManager:70 - Updater plugin not ready yet. [1/15]
2025-12-23 08:50:35,154 [INFO] PluginManage:359 - Loaded plugin tools (category:base,tabindex:7)
2025-12-23 08:50:35,154 [INFO] PluginManage:310 - Check plugin tutovideos
2025-12-23 08:50:35,402 [INFO] PluginManage:359 - Loaded plugin tutovideos (category:base,tabindex:-1)
2025-12-23 08:50:35,402 [INFO] PluginManage:310 - Check plugin updater
2025-12-23 08:50:35,430 [INFO] PluginManage:359 - Loaded plugin updater (category:base,tabindex:12)
2025-12-23 08:50:35,431 [INFO] PluginManage:310 - Check plugin userauth
2025-12-23 08:50:35,437 [INFO] UserAuth:118 - Init User Auth plugin
2025-12-23 08:50:35,438 [INFO] PluginManage:359 - Loaded plugin userauth (category:base,tabindex:14)
2025-12-23 08:50:35,439 [INFO] PluginManage:283 - PluginManage : Loaded plugins [18]
2025-12-23 08:50:35,696 [INFO] PinOutPanel:1589 - setPackage(No Configuration,No Configuration)
2025-12-23 08:50:35,797 [INFO] CADModel:165 - CPN selected for project level
2025-12-23 08:50:35,797 [INFO] CADModel:114 - Register for checkConnection events
2025-12-23 08:50:35,820 [INFO] IPUIPlugin:80 - create IPUIPlugin
2025-12-23 08:50:35,821 [INFO] PluginManager:220 - loadIPPluginJar : add adc
2025-12-23 08:50:35,825 [INFO] IPUIPlugin:80 - create IPUIPlugin
2025-12-23 08:50:35,825 [INFO] PluginManager:220 - loadIPPluginJar : add aes
2025-12-23 08:50:35,831 [INFO] IPUIPlugin:80 - create IPUIPlugin
2025-12-23 08:50:35,832 [INFO] PluginManager:220 - loadIPPluginJar : add can
2025-12-23 08:50:35,835 [INFO] IPUIPlugin:80 - create IPUIPlugin
2025-12-23 08:50:35,835 [INFO] PluginManager:220 - loadIPPluginJar : add comp
2025-12-23 08:50:35,840 [INFO] IPUIPlugin:80 - create IPUIPlugin
2025-12-23 08:50:35,840 [INFO] PluginManager:220 - loadIPPluginJar : add cryp
2025-12-23 08:50:35,845 [INFO] IPUIPlugin:80 - create IPUIPlugin
2025-12-23 08:50:35,845 [INFO] PluginManager:220 - loadIPPluginJar : add ddr_ctrl_phy
2025-12-23 08:50:35,850 [INFO] IPUIPlugin:80 - create IPUIPlugin
2025-12-23 08:50:35,850 [INFO] PluginManager:220 - loadIPPluginJar : add dfsdm
2025-12-23 08:50:35,859 [INFO] IPUIPlugin:80 - create IPUIPlugin
2025-12-23 08:50:35,860 [INFO] PluginManager:220 - loadIPPluginJar : add dma
2025-12-23 08:50:35,865 [INFO] IPUIPlugin:80 - create IPUIPlugin
2025-12-23 08:50:35,865 [INFO] PluginManager:220 - loadIPPluginJar : add dma3
2025-12-23 08:50:35,870 [INFO] IPUIPlugin:80 - create IPUIPlugin
2025-12-23 08:50:35,870 [INFO] PluginManager:220 - loadIPPluginJar : add extmemmanager
2025-12-23 08:50:35,873 [INFO] IPUIPlugin:80 - create IPUIPlugin
2025-12-23 08:50:35,873 [INFO] PluginManager:220 - loadIPPluginJar : add fatfs
2025-12-23 08:50:35,881 [INFO] IPUIPlugin:80 - create IPUIPlugin
2025-12-23 08:50:35,882 [INFO] PluginManager:220 - loadIPPluginJar : add fmc
2025-12-23 08:50:35,892 [INFO] IPUIPlugin:80 - create IPUIPlugin
2025-12-23 08:50:35,893 [INFO] PluginManager:220 - loadIPPluginJar : add freertos
2025-12-23 08:50:35,896 [INFO] IPUIPlugin:80 - create IPUIPlugin
2025-12-23 08:50:35,896 [INFO] PluginManager:220 - loadIPPluginJar : add genericplugin
2025-12-23 08:50:35,901 [INFO] IPUIPlugin:80 - create IPUIPlugin
2025-12-23 08:50:35,901 [INFO] PluginManager:220 - loadIPPluginJar : add gfxmmu
2025-12-23 08:50:35,909 [INFO] IPUIPlugin:80 - create IPUIPlugin
2025-12-23 08:50:35,909 [INFO] PluginManager:220 - loadIPPluginJar : add gic
2025-12-23 08:50:35,915 [INFO] IPUIPlugin:80 - create IPUIPlugin
2025-12-23 08:50:35,916 [INFO] PluginManager:220 - loadIPPluginJar : add gpio
2025-12-23 08:50:35,921 [INFO] IPUIPlugin:80 - create IPUIPlugin
2025-12-23 08:50:35,921 [INFO] PluginManager:220 - loadIPPluginJar : add gtzc
2025-12-23 08:50:35,926 [INFO] IPUIPlugin:80 - create IPUIPlugin
2025-12-23 08:50:35,926 [INFO] PluginManager:220 - loadIPPluginJar : add hash
2025-12-23 08:50:35,931 [INFO] IPUIPlugin:80 - create IPUIPlugin
2025-12-23 08:50:35,931 [INFO] PluginManager:220 - loadIPPluginJar : add i2c
2025-12-23 08:50:35,935 [INFO] IPUIPlugin:80 - create IPUIPlugin
2025-12-23 08:50:35,935 [INFO] PluginManager:220 - loadIPPluginJar : add i2s
2025-12-23 08:50:35,940 [INFO] IPUIPlugin:80 - create IPUIPlugin
2025-12-23 08:50:35,941 [INFO] PluginManager:220 - loadIPPluginJar : add i3c
2025-12-23 08:50:35,946 [INFO] IPUIPlugin:80 - create IPUIPlugin
2025-12-23 08:50:35,946 [INFO] PluginManager:220 - loadIPPluginJar : add ipddr
2025-12-23 08:50:35,954 [INFO] IPUIPlugin:80 - create IPUIPlugin
2025-12-23 08:50:35,955 [INFO] PluginManager:220 - loadIPPluginJar : add linkedlist
2025-12-23 08:50:35,960 [INFO] IPUIPlugin:80 - create IPUIPlugin
2025-12-23 08:50:35,960 [INFO] PluginManager:220 - loadIPPluginJar : add lorawan
2025-12-23 08:50:35,963 [INFO] IPUIPlugin:80 - create IPUIPlugin
2025-12-23 08:50:35,964 [INFO] PluginManager:220 - loadIPPluginJar : add ltdc
2025-12-23 08:50:35,972 [INFO] IPUIPlugin:80 - create IPUIPlugin
2025-12-23 08:50:35,972 [INFO] PluginManager:220 - loadIPPluginJar : add mdma
2025-12-23 08:50:35,977 [INFO] IPUIPlugin:80 - create IPUIPlugin
2025-12-23 08:50:35,978 [INFO] PluginManager:220 - loadIPPluginJar : add nvic
2025-12-23 08:50:35,982 [INFO] IPUIPlugin:80 - create IPUIPlugin
2025-12-23 08:50:35,982 [INFO] PluginManager:220 - loadIPPluginJar : add opamp
2025-12-23 08:50:35,988 [INFO] IPUIPlugin:80 - create IPUIPlugin
2025-12-23 08:50:35,988 [INFO] PluginManager:220 - loadIPPluginJar : add openamp
2025-12-23 08:50:35,994 [INFO] IPUIPlugin:80 - create IPUIPlugin
2025-12-23 08:50:35,994 [INFO] PluginManager:220 - loadIPPluginJar : add pdm2pcm
2025-12-23 08:50:36,001 [INFO] IPUIPlugin:80 - create IPUIPlugin
2025-12-23 08:50:36,003 [INFO] PluginManager:220 - loadIPPluginJar : add plateformsettings
2025-12-23 08:50:36,006 [INFO] IPUIPlugin:80 - create IPUIPlugin
2025-12-23 08:50:36,006 [INFO] PluginManager:220 - loadIPPluginJar : add quadspi
2025-12-23 08:50:36,010 [INFO] IPUIPlugin:80 - create IPUIPlugin
2025-12-23 08:50:36,011 [INFO] PluginManager:220 - loadIPPluginJar : add radio
2025-12-23 08:50:36,016 [INFO] IPUIPlugin:80 - create IPUIPlugin
2025-12-23 08:50:36,016 [INFO] PluginManager:220 - loadIPPluginJar : add resmgrutility
2025-12-23 08:50:36,021 [INFO] IPUIPlugin:80 - create IPUIPlugin
2025-12-23 08:50:36,021 [INFO] PluginManager:220 - loadIPPluginJar : add sai
2025-12-23 08:50:36,025 [INFO] IPUIPlugin:80 - create IPUIPlugin
2025-12-23 08:50:36,025 [INFO] PluginManager:220 - loadIPPluginJar : add spi
2025-12-23 08:50:36,033 [INFO] IPUIPlugin:80 - create IPUIPlugin
2025-12-23 08:50:36,033 [INFO] PluginManager:220 - loadIPPluginJar : add stm32_wpan
2025-12-23 08:50:36,036 [INFO] IPUIPlugin:80 - create IPUIPlugin
2025-12-23 08:50:36,037 [INFO] PluginManager:220 - loadIPPluginJar : add tim
2025-12-23 08:50:36,041 [INFO] IPUIPlugin:80 - create IPUIPlugin
2025-12-23 08:50:36,042 [INFO] PluginManager:220 - loadIPPluginJar : add touchsensing
2025-12-23 08:50:36,045 [INFO] IPUIPlugin:80 - create IPUIPlugin
2025-12-23 08:50:36,045 [INFO] PluginManager:220 - loadIPPluginJar : add tracer_emb
2025-12-23 08:50:36,048 [INFO] IPUIPlugin:80 - create IPUIPlugin
2025-12-23 08:50:36,048 [INFO] PluginManager:220 - loadIPPluginJar : add ts
2025-12-23 08:50:36,051 [INFO] IPUIPlugin:80 - create IPUIPlugin
2025-12-23 08:50:36,051 [INFO] PluginManager:220 - loadIPPluginJar : add tsc
2025-12-23 08:50:36,054 [INFO] IPUIPlugin:80 - create IPUIPlugin
2025-12-23 08:50:36,054 [INFO] PluginManager:220 - loadIPPluginJar : add ucpd
2025-12-23 08:50:36,057 [INFO] IPUIPlugin:80 - create IPUIPlugin
2025-12-23 08:50:36,058 [INFO] PluginManager:220 - loadIPPluginJar : add usart
2025-12-23 08:50:36,062 [INFO] IPUIPlugin:80 - create IPUIPlugin
2025-12-23 08:50:36,062 [INFO] PluginManager:220 - loadIPPluginJar : add usbx
2025-12-23 08:50:36,195 [FATAL] Updater:351 - Updater called before beeing initialized
2025-12-23 08:50:36,249 [INFO] RulesReader:64 - Compatibility file has been processed (317 Rules)
2025-12-23 08:50:36,266 [INFO] RulesReader:64 - Compatibility file has been processed (317 Rules)
2025-12-23 08:50:36,283 [INFO] CADModel:165 - CPN selected for project level
2025-12-23 08:50:36,283 [INFO] CADModel:114 - Register for checkConnection events
2025-12-23 08:50:36,283 [FATAL] Updater:351 - Updater called before beeing initialized
2025-12-23 08:50:36,283 [ERROR] CADModel:125 - Updater not yet initialized, retry later 
2025-12-23 08:50:36,629 [FATAL] Updater:351 - Updater called before beeing initialized
2025-12-23 08:50:36,631 [INFO] CADModel:165 - CPN selected for project level
2025-12-23 08:50:36,632 [INFO] CADModel:114 - Register for checkConnection events
2025-12-23 08:50:36,632 [FATAL] Updater:351 - Updater called before beeing initialized
2025-12-23 08:50:36,632 [ERROR] CADModel:125 - Updater not yet initialized, retry later 
2025-12-23 08:50:36,638 [FATAL] Updater:351 - Updater called before beeing initialized
2025-12-23 08:50:36,844 [FATAL] Updater:351 - Updater called before beeing initialized
2025-12-23 08:50:36,852 [INFO] DbMcusAds:53 - JSON generation date=Tue Dec 16 04:41:46 IST 2025 (1765840306612)
2025-12-23 08:50:36,853 [FATAL] Updater:351 - Updater called before beeing initialized
2025-12-23 08:50:36,911 [WARN] DetailPanel:346 - Failed to get advertising image, set to default
2025-12-23 08:50:36,998 [FATAL] Updater:351 - Updater called before beeing initialized
2025-12-23 08:50:37,001 [FATAL] Updater:351 - Updater called before beeing initialized
2025-12-23 08:50:37,002 [FATAL] Updater:351 - Updater called before beeing initialized
2025-12-23 08:50:37,002 [WARN] DetailPanel:346 - Failed to get advertising image, set to default
2025-12-23 08:50:37,003 [FATAL] Updater:351 - Updater called before beeing initialized
2025-12-23 08:50:37,066 [ERROR] Updater:1198 - MainUpdater not yet initialized. External WinMGr cannot be set.
2025-12-23 08:50:37,068 [INFO] Updater:1134 - Updater Version found : 6.15.0
2025-12-23 08:50:37,089 [INFO] ApplicationProperties:184 - Using Application install path: C:\ST\STM32CubeIDE_1.19.0\STM32CubeIDE\plugins\com.st.stm32cube.common.mx_6.15.0.202507011659
2025-12-23 08:50:38,149 [INFO] ThirdPartyUpdaterWithRetryManager:70 - Updater plugin not ready yet. [2/15]
2025-12-23 08:50:38,665 [ERROR] LogOutputStream:75 - [STDERR_REDIRECT] Dec 23, 2025 8:50:38 AM java.util.prefs.WindowsPreferences <init>
2025-12-23 08:50:38,667 [ERROR] LogOutputStream:75 - [STDERR_REDIRECT] WARNING: Could not open/create prefs root node Software\JavaSoft\Prefs at root 0xffffffff80000002. Windows RegCreateKeyEx(...) returned error code 5.
2025-12-23 08:50:38,667 [ERROR] LogOutputStream:75 - [STDERR_REDIRECT] 
2025-12-23 08:50:39,427 [INFO] MainUpdater:2872 - connection check result : 10
2025-12-23 08:50:39,428 [INFO] MainUpdater:289 - Updater Check For Update Now.
2025-12-23 08:50:39,428 [INFO] MicroXplorer:498 - Change Database Version : DB.6.0.150
2025-12-23 08:50:39,449 [INFO] McuFinderGlobals:63 - Set McuFinder mode to 2 (CubeIDE integrated)
2025-12-23 08:50:39,450 [INFO] UserAuth:487 - Internet connection configuration mode: 1
2025-12-23 08:50:39,506 [INFO] JxBrowserEngine:152 - Initiate JxBrowser Engine with user profile folder
2025-12-23 08:50:39,672 [INFO] CheckServerUpdateThread:120 - End of CheckServer Thread
2025-12-23 08:50:40,960 [INFO] WebApp:169 - Instantiating new browser for Auth
2025-12-23 08:50:41,593 [WARN] PackLoader:240 - Cannot read IP mode file for STMicroelectronics.FP-SNS-MOTENVWB1.1.4.0
2025-12-23 08:50:41,605 [WARN] PackLoader:240 - Cannot read IP mode file for STMicroelectronics.FP-ATR-ASTRA1.2.0.2
2025-12-23 08:50:41,617 [WARN] PackLoader:240 - Cannot read IP mode file for STMicroelectronics.X-CUBE-SMBUS.2.1.0
2025-12-23 08:50:41,663 [WARN] PackLoader:240 - Cannot read IP mode file for STMicroelectronics.X-CUBE-AZRTOS-F7.1.1.0
2025-12-23 08:50:41,686 [WARN] PackLoader:240 - Cannot read IP mode file for STMicroelectronics.X-CUBE-DISPLAY.3.0.0
2025-12-23 08:50:41,710 [WARN] PackLoader:240 - Cannot read IP mode file for STMicroelectronics.X-CUBE-NFC10.1.0.0
2025-12-23 08:50:41,724 [WARN] PackLoader:240 - Cannot read IP mode file for STMicroelectronics.FP-SNS-SMARTAG2.1.2.0
2025-12-23 08:50:41,732 [WARN] PackLoader:240 - Cannot read IP mode file for STMicroelectronics.FP-SNS-FLIGHT1.5.1.0
2025-12-23 08:50:41,751 [INFO] LogOutputStream:77 - [STDOUT_REDIRECT] 1 : Invalid condition id : UX_CORESTACK_Condition cause : null
2025-12-23 08:50:41,752 [INFO] LogOutputStream:77 - [STDOUT_REDIRECT] 1 : Invalid condition id : UX_CORESTACK_Condition cause : null
2025-12-23 08:50:41,755 [INFO] LogOutputStream:77 - [STDOUT_REDIRECT] 1 : Invalid condition id : UX_CORESTACK_Condition cause : null
2025-12-23 08:50:41,757 [INFO] LogOutputStream:77 - [STDOUT_REDIRECT] 1 : Invalid condition id : UX_CORESTACK_Condition cause : null
2025-12-23 08:50:41,759 [INFO] LogOutputStream:77 - [STDOUT_REDIRECT] 1 : Invalid condition id : UX_CORESTACK_Condition cause : null
2025-12-23 08:50:41,763 [WARN] PackLoader:240 - Cannot read IP mode file for STMicroelectronics.X-CUBE-AZRTOS-WL.2.0.0
2025-12-23 08:50:41,776 [WARN] PackLoader:240 - Cannot read IP mode file for STMicroelectronics.X-CUBE-BLE2.3.3.0
2025-12-23 08:50:41,788 [WARN] PackLoader:240 - Cannot read IP mode file for STMicroelectronics.X-CUBE-NFC9.1.0.0
2025-12-23 08:50:41,797 [WARN] PackLoader:240 - Cannot read IP mode file for STMicroelectronics.X-CUBE-BLE1.7.1.0
2025-12-23 08:50:41,819 [WARN] PackLoader:240 - Cannot read IP mode file for STMicroelectronics.X-CUBE-AZRTOS-G0.1.1.0
2025-12-23 08:50:41,832 [WARN] PackLoader:240 - Cannot read IP mode file for STMicroelectronics.X-CUBE-NFC4.3.0.0
2025-12-23 08:50:41,843 [WARN] PackLoader:240 - Cannot read IP mode file for STMicroelectronics.X-CUBE-WB05N.2.0.0
2025-12-23 08:50:41,854 [WARN] PackLoader:240 - Cannot read IP mode file for STMicroelectronics.X-CUBE-TCPP.4.2.0
2025-12-23 08:50:41,865 [WARN] PackLoader:240 - Cannot read IP mode file for STMicroelectronics.FP-ATR-SIGFOX1.3.2.0
2025-12-23 08:50:41,879 [WARN] PackLoader:240 - Cannot read IP mode file for STMicroelectronics.X-CUBE-ALGOBUILD.1.4.0
2025-12-23 08:50:41,886 [WARN] PackLoader:240 - Cannot read IP mode file for STMicroelectronics.X-CUBE-PM33A1.1.0.0
2025-12-23 08:50:41,922 [WARN] PackLoader:240 - Cannot read IP mode file for STMicroelectronics.X-CUBE-AZRTOS-F4.1.1.0
2025-12-23 08:50:41,934 [WARN] PackLoader:240 - Cannot read IP mode file for STMicroelectronics.X-CUBE-ISPU.2.1.0
2025-12-23 08:50:41,955 [WARN] PackLoader:240 - Cannot read IP mode file for STMicroelectronics.X-CUBE-AZRTOS-L5.2.0.0
2025-12-23 08:50:41,969 [WARN] PackLoader:240 - Cannot read IP mode file for STMicroelectronics.X-CUBE-NFC6.3.1.0
2025-12-23 08:50:41,980 [WARN] PackLoader:240 - Cannot read IP mode file for STMicroelectronics.X-CUBE-DPower.1.3.0
2025-12-23 08:50:42,003 [WARN] ConditionMgr:438 - getConditionDescription Invalid condition id : LAN8742 Phy interface Condition cause : null
2025-12-23 08:50:42,004 [WARN] PackLoader:240 - Cannot read IP mode file for STMicroelectronics.X-CUBE-AZRTOS-L4.2.0.0
2025-12-23 08:50:42,005 [WARN] ConditionMgr:1044 - genDependencies : Invalid condition id : LAN8742 Phy interface Condition cause : null
2025-12-23 08:50:42,005 [WARN] ConditionMgr:1044 - genDependencies : Invalid condition id : LAN8742 Phy interface Condition cause : null
2025-12-23 08:50:42,006 [WARN] ConditionMgr:1044 - genDependencies : Invalid condition id : LAN8742 Phy interface Condition cause : null
2025-12-23 08:50:42,016 [WARN] PackLoader:240 - Cannot read IP mode file for STMicroelectronics.X-CUBE-SFXS2LP1.4.0.0
2025-12-23 08:50:42,030 [WARN] ConditionMgr:438 - getConditionDescription Invalid condition id : UX DEVICE CLASS RTOS Condition cause : null
2025-12-23 08:50:42,030 [WARN] ConditionMgr:438 - getConditionDescription Invalid condition id : UX DEVICE CLASS RTOS Condition cause : null
2025-12-23 08:50:42,032 [WARN] PackLoader:240 - Cannot read IP mode file for STMicroelectronics.X-CUBE-AZRTOS-WB.2.0.0
2025-12-23 08:50:42,033 [WARN] ConditionMgr:1044 - genDependencies : Invalid condition id : UX DEVICE CLASS RTOS Condition cause : null
2025-12-23 08:50:42,033 [WARN] ConditionMgr:1044 - genDependencies : Invalid condition id : UX DEVICE CLASS RTOS Condition cause : null
2025-12-23 08:50:42,033 [WARN] ConditionMgr:1044 - genDependencies : Invalid condition id : UX DEVICE CLASS RTOS Condition cause : null
2025-12-23 08:50:42,033 [WARN] ConditionMgr:1044 - genDependencies : Invalid condition id : UX DEVICE CLASS RTOS Condition cause : null
2025-12-23 08:50:42,034 [WARN] ConditionMgr:1044 - genDependencies : Invalid condition id : UX DEVICE CLASS RTOS Condition cause : null
2025-12-23 08:50:42,047 [WARN] PackLoader:240 - Cannot read IP mode file for STMicroelectronics.X-CUBE-SUBG2.5.0.0
2025-12-23 08:50:42,066 [WARN] PackLoader:240 - Cannot read IP mode file for STMicroelectronics.X-CUBE-AZRTOS-G4.2.0.0
2025-12-23 08:50:42,076 [WARN] PackLoader:240 - Cannot read IP mode file for STMicroelectronics.X-CUBE-NFC7.2.0.0
2025-12-23 08:50:42,083 [WARN] PackLoader:240 - Cannot read IP mode file for STMicroelectronics.X-CUBE-ALS.1.0.2
2025-12-23 08:50:42,100 [WARN] PackLoader:240 - Cannot read IP mode file for STMicroelectronics.X-CUBE-TOF1.3.4.3
2025-12-23 08:50:42,116 [INFO] ThirdParty:978 - Integrity check success = true
2025-12-23 08:50:42,116 [INFO] IntegrityCheckThread:100 - exiting critical section [integrity check]
2025-12-23 08:50:42,116 [INFO] IntegrityCheckThread:103 - End integrity checks thread
2025-12-23 08:50:42,627 [INFO] WebApp:463 - Apply proxy settings
2025-12-23 08:50:42,628 [INFO] WebApp:548 - Chromium requires no authentication
2025-12-23 08:50:42,642 [INFO] WebApp:491 - Direct internet connection detected
2025-12-23 08:50:42,671 [INFO] WebApp:900 - Register for checkConnection events
2025-12-23 08:50:42,671 [INFO] WebApp:463 - Apply proxy settings
2025-12-23 08:50:42,672 [INFO] WebApp:548 - Chromium requires no authentication
2025-12-23 08:50:42,673 [INFO] WebApp:491 - Direct internet connection detected
2025-12-23 08:50:42,956 [INFO] WebApp:225 - Starting web application
2025-12-23 08:50:42,957 [INFO] WebApp:593 - Web application path used C:\ST\STM32CubeIDE_1.19.0\STM32CubeIDE\plugins\com.st.stm32cube.common.mx_6.15.0.202507011659\db\plugins\mcufinder\reactClient1\index.html
2025-12-23 08:50:43,049 [INFO] UserAuth:487 - Internet connection configuration mode: 1
2025-12-23 08:50:45,166 [INFO] WebApp:191 - Connection restablished
2025-12-23 08:50:52,829 [ERROR] LogOutputStream:75 - [STDERR_REDIRECT] 
2025-12-23 08:50:52,830 [ERROR] LogOutputStream:75 - [STDERR_REDIRECT] 
